{
  "RSpec": {
    "coverage": {
      "/Users/alexis/Documents/turing/mod4/interview/shortlink/config/environment.rb": {
        "lines": [
          null,
          1,
          null,
          null,
          1
        ]
      },
      "/Users/alexis/Documents/turing/mod4/interview/shortlink/config/application.rb": {
        "lines": [
          1,
          null,
          1,
          null,
          1,
          1,
          1,
          1,
          1,
          1,
          1,
          1,
          null,
          null,
          null,
          null,
          null,
          1,
          null,
          1,
          1,
          null,
          1,
          null,
          null,
          null,
          null,
          null,
          null,
          null,
          null,
          null,
          1,
          null,
          null
        ]
      },
      "/Users/alexis/Documents/turing/mod4/interview/shortlink/config/boot.rb": {
        "lines": [
          1,
          null,
          1,
          1
        ]
      },
      "/Users/alexis/Documents/turing/mod4/interview/shortlink/config/environments/test.rb": {
        "lines": [
          1,
          null,
          null,
          null,
          null,
          null,
          null,
          1,
          null,
          null,
          null,
          null,
          1,
          null,
          null,
          1,
          1,
          null,
          null,
          null,
          null,
          1,
          1,
          null,
          null,
          1,
          null,
          null,
          1,
          null,
          null,
          1,
          null,
          1,
          null,
          null,
          null,
          null,
          1,
          null,
          null,
          1,
          null,
          null,
          null,
          null
        ]
      },
      "/Users/alexis/Documents/turing/mod4/interview/shortlink/config/initializers/application_controller_renderer.rb": {
        "lines": [
          null,
          null,
          null,
          null,
          null,
          null,
          null,
          null
        ]
      },
      "/Users/alexis/Documents/turing/mod4/interview/shortlink/config/initializers/backtrace_silencers.rb": {
        "lines": [
          null,
          null,
          null,
          null,
          null,
          null,
          null
        ]
      },
      "/Users/alexis/Documents/turing/mod4/interview/shortlink/config/initializers/cors.rb": {
        "lines": [
          null,
          null,
          null,
          null,
          null,
          null,
          null,
          null,
          null,
          null,
          null,
          null,
          null,
          null,
          null,
          null
        ]
      },
      "/Users/alexis/Documents/turing/mod4/interview/shortlink/config/initializers/filter_parameter_logging.rb": {
        "lines": [
          null,
          null,
          null,
          1
        ]
      },
      "/Users/alexis/Documents/turing/mod4/interview/shortlink/config/initializers/inflections.rb": {
        "lines": [
          null,
          null,
          null,
          null,
          null,
          null,
          null,
          null,
          null,
          null,
          null,
          null,
          null,
          null,
          null,
          null
        ]
      },
      "/Users/alexis/Documents/turing/mod4/interview/shortlink/config/initializers/mime_types.rb": {
        "lines": [
          null,
          null,
          null,
          null
        ]
      },
      "/Users/alexis/Documents/turing/mod4/interview/shortlink/config/initializers/wrap_parameters.rb": {
        "lines": [
          null,
          null,
          null,
          null,
          null,
          null,
          1,
          2,
          null,
          null,
          null,
          null,
          null,
          null
        ]
      },
      "/Users/alexis/Documents/turing/mod4/interview/shortlink/config/routes.rb": {
        "lines": [
          1,
          null,
          1,
          1,
          1,
          1,
          null,
          null,
          null
        ]
      },
      "/Users/alexis/Documents/turing/mod4/interview/shortlink/app/models/url.rb": {
        "lines": [
          1,
          null,
          1,
          1,
          null,
          1,
          3,
          null,
          null,
          null
        ]
      },
      "/Users/alexis/Documents/turing/mod4/interview/shortlink/app/models/application_record.rb": {
        "lines": [
          1,
          1,
          null
        ]
      },
      "/Users/alexis/Documents/turing/mod4/interview/shortlink/spec/requests/api/v1/longurl_request_spec.rb": {
        "lines": [
          1,
          null,
          1,
          null,
          1,
          1,
          1,
          1,
          1,
          1,
          1,
          null,
          null,
          1,
          1,
          1,
          1,
          1,
          null,
          null,
          null
        ]
      },
      "/Users/alexis/Documents/turing/mod4/interview/shortlink/spec/requests/api/v1/shorturl_request_spec.rb": {
        "lines": [
          1,
          null,
          1,
          null,
          1,
          1,
          1,
          1,
          1,
          1,
          null,
          null,
          null
        ]
      },
      "/Users/alexis/Documents/turing/mod4/interview/shortlink/app/controllers/api/v1/short_urls_controller.rb": {
        "lines": [
          1,
          null,
          1,
          2,
          2,
          2,
          null,
          null
        ]
      },
      "/Users/alexis/Documents/turing/mod4/interview/shortlink/app/controllers/application_controller.rb": {
        "lines": [
          1,
          null
        ]
      },
      "/Users/alexis/Documents/turing/mod4/interview/shortlink/app/serializers/url_serializer.rb": {
        "lines": [
          1,
          1,
          1,
          null
        ]
      },
      "/Users/alexis/Documents/turing/mod4/interview/shortlink/app/controllers/api/v1/long_urls_controller.rb": {
        "lines": [
          1,
          null,
          1,
          2,
          2,
          1,
          null,
          null,
          1,
          null,
          1,
          2,
          null,
          null,
          null
        ]
      },
      "/Users/alexis/Documents/turing/mod4/interview/shortlink/app/poros/error.rb": {
        "lines": [
          1,
          null,
          1,
          null,
          1,
          1,
          1,
          null,
          null,
          1,
          1,
          null,
          null,
          null
        ]
      },
      "/Users/alexis/Documents/turing/mod4/interview/shortlink/app/serializers/error_serializer.rb": {
        "lines": [
          1,
          1,
          1,
          null
        ]
      }
    },
    "timestamp": 1592589989
  }
}
